<?xml version="1.0" encoding="UTF-8"?><testrun name="TestSuite" project="io.emf.change_based_persistence" tests="45" started="45" failures="1" errors="1" ignored="0">
  <testsuite name="generated_emf_tests.TestSuite" time="0.834">
    <testsuite name="generated_emf_tests.AddToResourceTests" time="0.7">
      <testcase name="testAllAddToResource" classname="generated_emf_tests.AddToResourceTests" time="0.041"/>
      <testcase name="testAddManyToResource" classname="generated_emf_tests.AddToResourceTests" time="0.627"/>
      <testcase name="foo" classname="generated_emf_tests.AddToResourceTests" time="0.011">
        <error>java.lang.IndexOutOfBoundsException: Index: 0, Size: 0&#13;
	at java.util.ArrayList.rangeCheck(Unknown Source)&#13;
	at java.util.ArrayList.get(Unknown Source)&#13;
	at drivers.CBPTextSerializer.serialiseInitialEntry(CBPTextSerializer.java:338)&#13;
	at drivers.CBPTextSerializer.save(CBPTextSerializer.java:98)&#13;
	at drivers.PersistenceManager.save(PersistenceManager.java:179)&#13;
	at impl.CBPTextResourceImpl.save(CBPTextResourceImpl.java:76)&#13;
	at generated_emf_tests.AddToResourceTests.foo(AddToResourceTests.java:258)&#13;
	at sun.reflect.NativeMethodAccessorImpl.invoke0(Native Method)&#13;
	at sun.reflect.NativeMethodAccessorImpl.invoke(Unknown Source)&#13;
	at sun.reflect.DelegatingMethodAccessorImpl.invoke(Unknown Source)&#13;
	at java.lang.reflect.Method.invoke(Unknown Source)&#13;
	at org.junit.runners.model.FrameworkMethod$1.runReflectiveCall(FrameworkMethod.java:50)&#13;
	at org.junit.internal.runners.model.ReflectiveCallable.run(ReflectiveCallable.java:12)&#13;
	at org.junit.runners.model.FrameworkMethod.invokeExplosively(FrameworkMethod.java:47)&#13;
	at org.junit.internal.runners.statements.InvokeMethod.evaluate(InvokeMethod.java:17)&#13;
	at org.junit.internal.runners.statements.RunBefores.evaluate(RunBefores.java:26)&#13;
	at org.junit.internal.runners.statements.RunAfters.evaluate(RunAfters.java:27)&#13;
	at org.junit.runners.ParentRunner.runLeaf(ParentRunner.java:325)&#13;
	at org.junit.runners.BlockJUnit4ClassRunner.runChild(BlockJUnit4ClassRunner.java:78)&#13;
	at org.junit.runners.BlockJUnit4ClassRunner.runChild(BlockJUnit4ClassRunner.java:57)&#13;
	at org.junit.runners.ParentRunner$3.run(ParentRunner.java:290)&#13;
	at org.junit.runners.ParentRunner$1.schedule(ParentRunner.java:71)&#13;
	at org.junit.runners.ParentRunner.runChildren(ParentRunner.java:288)&#13;
	at org.junit.runners.ParentRunner.access$000(ParentRunner.java:58)&#13;
	at org.junit.runners.ParentRunner$2.evaluate(ParentRunner.java:268)&#13;
	at org.junit.internal.runners.statements.RunBefores.evaluate(RunBefores.java:26)&#13;
	at org.junit.runners.ParentRunner.run(ParentRunner.java:363)&#13;
	at org.junit.runners.Suite.runChild(Suite.java:128)&#13;
	at org.junit.runners.Suite.runChild(Suite.java:27)&#13;
	at org.junit.runners.ParentRunner$3.run(ParentRunner.java:290)&#13;
	at org.junit.runners.ParentRunner$1.schedule(ParentRunner.java:71)&#13;
	at org.junit.runners.ParentRunner.runChildren(ParentRunner.java:288)&#13;
	at org.junit.runners.ParentRunner.access$000(ParentRunner.java:58)&#13;
	at org.junit.runners.ParentRunner$2.evaluate(ParentRunner.java:268)&#13;
	at org.junit.runners.ParentRunner.run(ParentRunner.java:363)&#13;
	at org.eclipse.jdt.internal.junit4.runner.JUnit4TestReference.run(JUnit4TestReference.java:86)&#13;
	at org.eclipse.jdt.internal.junit.runner.TestExecution.run(TestExecution.java:38)&#13;
	at org.eclipse.jdt.internal.junit.runner.RemoteTestRunner.runTests(RemoteTestRunner.java:459)&#13;
	at org.eclipse.jdt.internal.junit.runner.RemoteTestRunner.runTests(RemoteTestRunner.java:675)&#13;
	at org.eclipse.jdt.internal.junit.runner.RemoteTestRunner.run(RemoteTestRunner.java:382)&#13;
	at org.eclipse.jdt.internal.junit.runner.RemoteTestRunner.main(RemoteTestRunner.java:192)&#13;
&#13;
</error>
      </testcase>
      <testcase name="testAddSingleToResource" classname="generated_emf_tests.AddToResourceTests" time="0.01"/>
      <testcase name="testAddSingleRepeatedToResource" classname="generated_emf_tests.AddToResourceTests" time="0.007"/>
      <testcase name="testAddListToResource" classname="generated_emf_tests.AddToResourceTests" time="0.004"/>
    </testsuite>
    <testsuite name="generated_emf_tests.DeleteFromResourceTests" time="0.017">
      <testcase name="testDeleteCollectionFromResource" classname="generated_emf_tests.DeleteFromResourceTests" time="0.003"/>
      <testcase name="testAllDeleteFromResource" classname="generated_emf_tests.DeleteFromResourceTests" time="0.004"/>
      <testcase name="testDeleteRepeatedFromResource" classname="generated_emf_tests.DeleteFromResourceTests" time="0.005"/>
      <testcase name="testDeleteSingleFromResource" classname="generated_emf_tests.DeleteFromResourceTests" time="0.004"/>
    </testsuite>
    <testsuite name="generated_emf_tests.GeneralSaveTests" time="0.044">
      <testcase name="testMultipleSaveWithModifications" classname="generated_emf_tests.GeneralSaveTests" time="0.033"/>
      <testcase name="testBasicSaveAndLoad" classname="generated_emf_tests.GeneralSaveTests" time="0.003"/>
      <testcase name="testEmptySave" classname="generated_emf_tests.GeneralSaveTests" time="0.001">
        <failure>java.lang.AssertionError&#13;
	at org.junit.Assert.fail(Assert.java:86)&#13;
	at org.junit.Assert.assertTrue(Assert.java:41)&#13;
	at org.junit.Assert.assertFalse(Assert.java:64)&#13;
	at org.junit.Assert.assertFalse(Assert.java:74)&#13;
	at generated_emf_tests.GeneralSaveTests.testEmptySave(GeneralSaveTests.java:118)&#13;
	at sun.reflect.NativeMethodAccessorImpl.invoke0(Native Method)&#13;
	at sun.reflect.NativeMethodAccessorImpl.invoke(Unknown Source)&#13;
	at sun.reflect.DelegatingMethodAccessorImpl.invoke(Unknown Source)&#13;
	at java.lang.reflect.Method.invoke(Unknown Source)&#13;
	at org.junit.runners.model.FrameworkMethod$1.runReflectiveCall(FrameworkMethod.java:50)&#13;
	at org.junit.internal.runners.model.ReflectiveCallable.run(ReflectiveCallable.java:12)&#13;
	at org.junit.runners.model.FrameworkMethod.invokeExplosively(FrameworkMethod.java:47)&#13;
	at org.junit.internal.runners.statements.InvokeMethod.evaluate(InvokeMethod.java:17)&#13;
	at org.junit.internal.runners.statements.RunBefores.evaluate(RunBefores.java:26)&#13;
	at org.junit.internal.runners.statements.RunAfters.evaluate(RunAfters.java:27)&#13;
	at org.junit.runners.ParentRunner.runLeaf(ParentRunner.java:325)&#13;
	at org.junit.runners.BlockJUnit4ClassRunner.runChild(BlockJUnit4ClassRunner.java:78)&#13;
	at org.junit.runners.BlockJUnit4ClassRunner.runChild(BlockJUnit4ClassRunner.java:57)&#13;
	at org.junit.runners.ParentRunner$3.run(ParentRunner.java:290)&#13;
	at org.junit.runners.ParentRunner$1.schedule(ParentRunner.java:71)&#13;
	at org.junit.runners.ParentRunner.runChildren(ParentRunner.java:288)&#13;
	at org.junit.runners.ParentRunner.access$000(ParentRunner.java:58)&#13;
	at org.junit.runners.ParentRunner$2.evaluate(ParentRunner.java:268)&#13;
	at org.junit.internal.runners.statements.RunBefores.evaluate(RunBefores.java:26)&#13;
	at org.junit.runners.ParentRunner.run(ParentRunner.java:363)&#13;
	at org.junit.runners.Suite.runChild(Suite.java:128)&#13;
	at org.junit.runners.Suite.runChild(Suite.java:27)&#13;
	at org.junit.runners.ParentRunner$3.run(ParentRunner.java:290)&#13;
	at org.junit.runners.ParentRunner$1.schedule(ParentRunner.java:71)&#13;
	at org.junit.runners.ParentRunner.runChildren(ParentRunner.java:288)&#13;
	at org.junit.runners.ParentRunner.access$000(ParentRunner.java:58)&#13;
	at org.junit.runners.ParentRunner$2.evaluate(ParentRunner.java:268)&#13;
	at org.junit.runners.ParentRunner.run(ParentRunner.java:363)&#13;
	at org.eclipse.jdt.internal.junit4.runner.JUnit4TestReference.run(JUnit4TestReference.java:86)&#13;
	at org.eclipse.jdt.internal.junit.runner.TestExecution.run(TestExecution.java:38)&#13;
	at org.eclipse.jdt.internal.junit.runner.RemoteTestRunner.runTests(RemoteTestRunner.java:459)&#13;
	at org.eclipse.jdt.internal.junit.runner.RemoteTestRunner.runTests(RemoteTestRunner.java:675)&#13;
	at org.eclipse.jdt.internal.junit.runner.RemoteTestRunner.run(RemoteTestRunner.java:382)&#13;
	at org.eclipse.jdt.internal.junit.runner.RemoteTestRunner.main(RemoteTestRunner.java:192)&#13;
&#13;
</failure>
      </testcase>
      <testcase name="testRedundantModification" classname="generated_emf_tests.GeneralSaveTests" time="0.004"/>
      <testcase name="testRepeatedSaveNoModification" classname="generated_emf_tests.GeneralSaveTests" time="0.002"/>
    </testsuite>
    <testsuite name="generated_emf_tests.SetUnsetReferenceTests" time="0.05">
      <testcase name="testMultipleAddToManyValuedContainmentRef" classname="generated_emf_tests.SetUnsetReferenceTests" time="0.005"/>
      <testcase name="testRemoveOneFromManyValuedNonContainmentRef" classname="generated_emf_tests.SetUnsetReferenceTests" time="0.004"/>
      <testcase name="testAddAllIToManyValuedNonContainmentRef" classname="generated_emf_tests.SetUnsetReferenceTests" time="0.005"/>
      <testcase name="testUnsetOneSingleValuedNonContainmentRef" classname="generated_emf_tests.SetUnsetReferenceTests" time="0.004"/>
      <testcase name="testUnsetMultipleSingleValuedNonContainmentRefs" classname="generated_emf_tests.SetUnsetReferenceTests" time="0.003"/>
      <testcase name="testRemoveAllFromManyValuedContainmentRef" classname="generated_emf_tests.SetUnsetReferenceTests" time="0.002"/>
      <testcase name="testSetOneSingleValuedNonContainmentRef" classname="generated_emf_tests.SetUnsetReferenceTests" time="0.002"/>
      <testcase name="testRemoveOneFromManyValuedContainmentRef" classname="generated_emf_tests.SetUnsetReferenceTests" time="0.001"/>
      <testcase name="testRemoveAllFromManyValuedNonContainmentRef" classname="generated_emf_tests.SetUnsetReferenceTests" time="0.001"/>
      <testcase name="testSetMultipleSingleValuedContainmentRefs" classname="generated_emf_tests.SetUnsetReferenceTests" time="0.003"/>
      <testcase name="testSetMultipleSingleValuedNonContainmentRefs" classname="generated_emf_tests.SetUnsetReferenceTests" time="0.001"/>
      <testcase name="testSetOppositeReference" classname="generated_emf_tests.SetUnsetReferenceTests" time="0.003"/>
      <testcase name="testSetOneSingleValuedContainmentReference" classname="generated_emf_tests.SetUnsetReferenceTests" time="0.004"/>
      <testcase name="testAddMultipleToManyValuedNonContainmentRef" classname="generated_emf_tests.SetUnsetReferenceTests" time="0.002"/>
      <testcase name="testAddAllIToManyValuedContainmentRef" classname="generated_emf_tests.SetUnsetReferenceTests" time="0.004"/>
      <testcase name="testUnsetMultipleSingleValuedContainmentRefs" classname="generated_emf_tests.SetUnsetReferenceTests" time="0.002"/>
      <testcase name="testUnsetOppositeReference" classname="generated_emf_tests.SetUnsetReferenceTests" time="0.002"/>
      <testcase name="testUnsetOneSingleValuedContainmentReference" classname="generated_emf_tests.SetUnsetReferenceTests" time="0.002"/>
    </testsuite>
    <testsuite name="generated_emf_tests.SetUnsetAttributeTests" time="0.022">
      <testcase name="testSetMultipleSingleValueAttributes" classname="generated_emf_tests.SetUnsetAttributeTests" time="0.001"/>
      <testcase name="testRemoveFromManyValuedAttribute" classname="generated_emf_tests.SetUnsetAttributeTests" time="0.003"/>
      <testcase name="testAddToManyValuedAttribute" classname="generated_emf_tests.SetUnsetAttributeTests" time="0.002"/>
      <testcase name="testUnsetOneSingleValuedAttribute" classname="generated_emf_tests.SetUnsetAttributeTests" time="0.002"/>
      <testcase name="testUnsetMultipleSingleValueAttributes" classname="generated_emf_tests.SetUnsetAttributeTests" time="0.004"/>
      <testcase name="testEscapingDelimiterWhenUnsetEAttribute" classname="generated_emf_tests.SetUnsetAttributeTests" time="0.002"/>
      <testcase name="testEscapingDelimiterWhenSetEAttribute" classname="generated_emf_tests.SetUnsetAttributeTests" time="0.002"/>
      <testcase name="testSetEnum" classname="generated_emf_tests.SetUnsetAttributeTests" time="0.002"/>
      <testcase name="testRemoveAllFromManyValuedAttribute" classname="generated_emf_tests.SetUnsetAttributeTests" time="0.001"/>
      <testcase name="testAddAllToManyValuedAtribute" classname="generated_emf_tests.SetUnsetAttributeTests" time="0.002"/>
      <testcase name="testSetOneSingleValuedAttribute" classname="generated_emf_tests.SetUnsetAttributeTests" time="0.001"/>
    </testsuite>
    <testsuite name="generated_emf_tests.DeltaResouceImplTests" time="0.001">
      <testcase name="testGetChangelog" classname="generated_emf_tests.DeltaResouceImplTests" time="0.001"/>
    </testsuite>
  </testsuite>
</testrun>
